ARM GAS  C:\Users\geoma\AppData\Local\Temp\ccfGKx7X.s 			page 1


   1              		.cpu cortex-m4
   2              		.arch armv7e-m
   3              		.fpu fpv4-sp-d16
   4              		.eabi_attribute 27, 1
   5              		.eabi_attribute 28, 1
   6              		.eabi_attribute 20, 1
   7              		.eabi_attribute 21, 1
   8              		.eabi_attribute 23, 3
   9              		.eabi_attribute 24, 1
  10              		.eabi_attribute 25, 1
  11              		.eabi_attribute 26, 1
  12              		.eabi_attribute 30, 1
  13              		.eabi_attribute 34, 1
  14              		.eabi_attribute 18, 4
  15              		.file	"uvos_heap.c"
  16              		.text
  17              	.Ltext0:
  18              		.cfi_sections	.debug_frame
  19              		.section	.text.malloc_failed_hook,"ax",%progbits
  20              		.align	1
  21              		.syntax unified
  22              		.thumb
  23              		.thumb_func
  25              	malloc_failed_hook:
  26              	.LFB1372:
  27              		.file 1 "flight/uvos/common/uvos_heap.c"
   1:flight/uvos/common/uvos_heap.c **** /* Project Includes */
   2:flight/uvos/common/uvos_heap.c **** #include "uvos.h"		/* UVOS_INCLUDE_* */
   3:flight/uvos/common/uvos_heap.c **** 
   4:flight/uvos/common/uvos_heap.c **** #include "uvos_heap.h"		/* External API declaration */
   5:flight/uvos/common/uvos_heap.c **** 
   6:flight/uvos/common/uvos_heap.c **** #include <stdio.h>		/* NULL */
   7:flight/uvos/common/uvos_heap.c **** #include <stdint.h>		/* uintptr_t */
   8:flight/uvos/common/uvos_heap.c **** #include <stdbool.h>		/* bool */
   9:flight/uvos/common/uvos_heap.c **** 
  10:flight/uvos/common/uvos_heap.c **** #define DEBUG_MALLOC_FAILURES 0
  11:flight/uvos/common/uvos_heap.c **** static volatile bool malloc_failed_flag = false;
  12:flight/uvos/common/uvos_heap.c **** static void malloc_failed_hook( void )
  13:flight/uvos/common/uvos_heap.c **** {
  28              		.loc 1 13 1 view -0
  29              		.cfi_startproc
  30              		@ args = 0, pretend = 0, frame = 0
  31              		@ frame_needed = 0, uses_anonymous_args = 0
  32              		@ link register save eliminated.
  14:flight/uvos/common/uvos_heap.c **** 	malloc_failed_flag = true;
  33              		.loc 1 14 2 view .LVU1
  34              		.loc 1 14 21 is_stmt 0 view .LVU2
  35 0000 014B     		ldr	r3, .L2
  36 0002 0122     		movs	r2, #1
  37 0004 1A70     		strb	r2, [r3]
  15:flight/uvos/common/uvos_heap.c **** #if DEBUG_MALLOC_FAILURES
  16:flight/uvos/common/uvos_heap.c **** 	static volatile bool wait_here = true;
  17:flight/uvos/common/uvos_heap.c **** 	while ( wait_here );
  18:flight/uvos/common/uvos_heap.c **** 	wait_here = true;
  19:flight/uvos/common/uvos_heap.c **** #endif
  20:flight/uvos/common/uvos_heap.c **** }
  38              		.loc 1 20 1 view .LVU3
ARM GAS  C:\Users\geoma\AppData\Local\Temp\ccfGKx7X.s 			page 2


  39 0006 7047     		bx	lr
  40              	.L3:
  41              		.align	2
  42              	.L2:
  43 0008 00000000 		.word	.LANCHOR0
  44              		.cfi_endproc
  45              	.LFE1372:
  47              		.section	.text.is_ptr_in_heap_p,"ax",%progbits
  48              		.align	1
  49              		.syntax unified
  50              		.thumb
  51              		.thumb_func
  53              	is_ptr_in_heap_p:
  54              	.LVL0:
  55              	.LFB1374:
  21:flight/uvos/common/uvos_heap.c **** 
  22:flight/uvos/common/uvos_heap.c **** bool UVOS_heap_malloc_failed_p( void )
  23:flight/uvos/common/uvos_heap.c **** {
  24:flight/uvos/common/uvos_heap.c **** 	return malloc_failed_flag;
  25:flight/uvos/common/uvos_heap.c **** }
  26:flight/uvos/common/uvos_heap.c **** 
  27:flight/uvos/common/uvos_heap.c **** struct uvos_heap {
  28:flight/uvos/common/uvos_heap.c **** 	const uintptr_t start_addr;
  29:flight/uvos/common/uvos_heap.c **** 	uintptr_t end_addr;
  30:flight/uvos/common/uvos_heap.c **** 	uintptr_t free_addr;
  31:flight/uvos/common/uvos_heap.c **** };
  32:flight/uvos/common/uvos_heap.c **** 
  33:flight/uvos/common/uvos_heap.c **** static bool is_ptr_in_heap_p( const struct uvos_heap * heap, void * buf )
  34:flight/uvos/common/uvos_heap.c **** {
  56              		.loc 1 34 1 is_stmt 1 view -0
  57              		.cfi_startproc
  58              		@ args = 0, pretend = 0, frame = 0
  59              		@ frame_needed = 0, uses_anonymous_args = 0
  60              		@ link register save eliminated.
  35:flight/uvos/common/uvos_heap.c **** 	uintptr_t buf_addr = ( uintptr_t )buf;
  61              		.loc 1 35 2 view .LVU5
  36:flight/uvos/common/uvos_heap.c **** 
  37:flight/uvos/common/uvos_heap.c **** 	return ( ( buf_addr >= heap->start_addr ) && ( buf_addr <= heap->end_addr ) );
  62              		.loc 1 37 2 view .LVU6
  63              		.loc 1 37 29 is_stmt 0 view .LVU7
  64 0000 0368     		ldr	r3, [r0]
  65              		.loc 1 37 44 view .LVU8
  66 0002 8B42     		cmp	r3, r1
  67 0004 04D8     		bhi	.L6
  68              		.loc 1 37 65 discriminator 1 view .LVU9
  69 0006 4368     		ldr	r3, [r0, #4]
  70              		.loc 1 37 44 discriminator 1 view .LVU10
  71 0008 8B42     		cmp	r3, r1
  72 000a 03D2     		bcs	.L7
  73              		.loc 1 37 44 view .LVU11
  74 000c 0020     		movs	r0, #0
  75              	.LVL1:
  76              		.loc 1 37 44 view .LVU12
  77 000e 7047     		bx	lr
  78              	.LVL2:
  79              	.L6:
  80              		.loc 1 37 44 view .LVU13
ARM GAS  C:\Users\geoma\AppData\Local\Temp\ccfGKx7X.s 			page 3


  81 0010 0020     		movs	r0, #0
  82              	.LVL3:
  83              		.loc 1 37 44 view .LVU14
  84 0012 7047     		bx	lr
  85              	.LVL4:
  86              	.L7:
  87              		.loc 1 37 44 view .LVU15
  88 0014 0120     		movs	r0, #1
  89              	.LVL5:
  38:flight/uvos/common/uvos_heap.c **** }
  90              		.loc 1 38 1 view .LVU16
  91 0016 7047     		bx	lr
  92              		.cfi_endproc
  93              	.LFE1374:
  95              		.section	.text.simple_malloc,"ax",%progbits
  96              		.align	1
  97              		.syntax unified
  98              		.thumb
  99              		.thumb_func
 101              	simple_malloc:
 102              	.LVL6:
 103              	.LFB1375:
  39:flight/uvos/common/uvos_heap.c **** 
  40:flight/uvos/common/uvos_heap.c **** static void * simple_malloc( struct uvos_heap * heap, size_t size )
  41:flight/uvos/common/uvos_heap.c **** {
 104              		.loc 1 41 1 is_stmt 1 view -0
 105              		.cfi_startproc
 106              		@ args = 0, pretend = 0, frame = 0
 107              		@ frame_needed = 0, uses_anonymous_args = 0
  42:flight/uvos/common/uvos_heap.c **** 	if ( heap == NULL )
 108              		.loc 1 42 2 view .LVU18
 109              		.loc 1 42 5 is_stmt 0 view .LVU19
 110 0000 0246     		mov	r2, r0
 111 0002 78B1     		cbz	r0, .L10
  41:flight/uvos/common/uvos_heap.c **** 	if ( heap == NULL )
 112              		.loc 1 41 1 view .LVU20
 113 0004 00B5     		push	{lr}
 114              	.LCFI0:
 115              		.cfi_def_cfa_offset 4
 116              		.cfi_offset 14, -4
  43:flight/uvos/common/uvos_heap.c **** 		return NULL;
  44:flight/uvos/common/uvos_heap.c **** 
  45:flight/uvos/common/uvos_heap.c **** 	void * buf = NULL;
 117              		.loc 1 45 2 is_stmt 1 view .LVU21
 118              	.LVL7:
  46:flight/uvos/common/uvos_heap.c **** 	uint32_t align_pad = ( sizeof( uintptr_t ) - ( size & ( sizeof( uintptr_t ) - 1 ) ) ) % sizeof( ui
 119              		.loc 1 46 2 view .LVU22
 120              		.loc 1 46 88 is_stmt 0 view .LVU23
 121 0006 4B42     		rsbs	r3, r1, #0
 122              		.loc 1 46 11 view .LVU24
 123 0008 03F0030C 		and	ip, r3, #3
 124              	.LVL8:
  47:flight/uvos/common/uvos_heap.c **** 
  48:flight/uvos/common/uvos_heap.c **** #if defined(UVOS_INCLUDE_FREERTOS) || defined(UVOS_INCLUDE_CHIBIOS)
  49:flight/uvos/common/uvos_heap.c **** 	UVOS_Thread_Scheduler_Suspend();
  50:flight/uvos/common/uvos_heap.c **** #endif	/* UVOS_INCLUDE_FREERTOS || defined(UVOS_INCLUDE_CHIBIOS) */
  51:flight/uvos/common/uvos_heap.c **** 
ARM GAS  C:\Users\geoma\AppData\Local\Temp\ccfGKx7X.s 			page 4


  52:flight/uvos/common/uvos_heap.c **** 	if ( heap->free_addr + size <= heap->end_addr ) {
 125              		.loc 1 52 2 is_stmt 1 view .LVU25
 126              		.loc 1 52 11 is_stmt 0 view .LVU26
 127 000c 8368     		ldr	r3, [r0, #8]
 128              		.loc 1 52 23 view .LVU27
 129 000e 03EB010E 		add	lr, r3, r1
 130              		.loc 1 52 37 view .LVU28
 131 0012 4068     		ldr	r0, [r0, #4]
 132              	.LVL9:
 133              		.loc 1 52 5 view .LVU29
 134 0014 8645     		cmp	lr, r0
 135 0016 06D8     		bhi	.L11
  53:flight/uvos/common/uvos_heap.c **** 		buf = ( void * )heap->free_addr;
 136              		.loc 1 53 3 is_stmt 1 view .LVU30
 137              		.loc 1 53 7 is_stmt 0 view .LVU31
 138 0018 1846     		mov	r0, r3
 139              	.LVL10:
  54:flight/uvos/common/uvos_heap.c **** 		heap->free_addr += size + align_pad;
 140              		.loc 1 54 3 is_stmt 1 view .LVU32
 141              		.loc 1 54 27 is_stmt 0 view .LVU33
 142 001a 6144     		add	r1, r1, ip
 143              	.LVL11:
 144              		.loc 1 54 19 view .LVU34
 145 001c 1944     		add	r1, r1, r3
 146 001e 9160     		str	r1, [r2, #8]
 147              	.LVL12:
 148              	.L8:
  55:flight/uvos/common/uvos_heap.c **** 	}
  56:flight/uvos/common/uvos_heap.c **** 
  57:flight/uvos/common/uvos_heap.c **** #if defined(UVOS_INCLUDE_FREERTOS) || defined(UVOS_INCLUDE_CHIBIOS)
  58:flight/uvos/common/uvos_heap.c **** 	UVOS_Thread_Scheduler_Resume();
  59:flight/uvos/common/uvos_heap.c **** #endif	/* UVOS_INCLUDE_FREERTOS || defined(UVOS_INCLUDE_CHIBIOS) */
  60:flight/uvos/common/uvos_heap.c **** 
  61:flight/uvos/common/uvos_heap.c **** 	return buf;
  62:flight/uvos/common/uvos_heap.c **** }
 149              		.loc 1 62 1 view .LVU35
 150 0020 5DF804FB 		ldr	pc, [sp], #4
 151              	.LVL13:
 152              	.L10:
 153              	.LCFI1:
 154              		.cfi_def_cfa_offset 0
 155              		.cfi_restore 14
 156              		.loc 1 62 1 view .LVU36
 157 0024 7047     		bx	lr
 158              	.LVL14:
 159              	.L11:
 160              	.LCFI2:
 161              		.cfi_def_cfa_offset 4
 162              		.cfi_offset 14, -4
  45:flight/uvos/common/uvos_heap.c **** 	uint32_t align_pad = ( sizeof( uintptr_t ) - ( size & ( sizeof( uintptr_t ) - 1 ) ) ) % sizeof( ui
 163              		.loc 1 45 9 view .LVU37
 164 0026 0020     		movs	r0, #0
 165              	.LVL15:
  45:flight/uvos/common/uvos_heap.c **** 	uint32_t align_pad = ( sizeof( uintptr_t ) - ( size & ( sizeof( uintptr_t ) - 1 ) ) ) % sizeof( ui
 166              		.loc 1 45 9 view .LVU38
 167 0028 FAE7     		b	.L8
 168              		.cfi_endproc
ARM GAS  C:\Users\geoma\AppData\Local\Temp\ccfGKx7X.s 			page 5


 169              	.LFE1375:
 171              		.section	.text.simple_get_free_bytes,"ax",%progbits
 172              		.align	1
 173              		.syntax unified
 174              		.thumb
 175              		.thumb_func
 177              	simple_get_free_bytes:
 178              	.LVL16:
 179              	.LFB1377:
  63:flight/uvos/common/uvos_heap.c **** 
  64:flight/uvos/common/uvos_heap.c **** static void simple_free( struct uvos_heap * heap, void * buf )
  65:flight/uvos/common/uvos_heap.c **** {
  66:flight/uvos/common/uvos_heap.c **** 	/* This allocator doesn't support free */
  67:flight/uvos/common/uvos_heap.c **** }
  68:flight/uvos/common/uvos_heap.c **** 
  69:flight/uvos/common/uvos_heap.c **** static size_t simple_get_free_bytes( struct uvos_heap * heap )
  70:flight/uvos/common/uvos_heap.c **** {
 180              		.loc 1 70 1 is_stmt 1 view -0
 181              		.cfi_startproc
 182              		@ args = 0, pretend = 0, frame = 0
 183              		@ frame_needed = 0, uses_anonymous_args = 0
 184              		@ link register save eliminated.
  71:flight/uvos/common/uvos_heap.c **** 	if ( heap->free_addr > heap->end_addr )
 185              		.loc 1 71 2 view .LVU40
 186              		.loc 1 71 11 is_stmt 0 view .LVU41
 187 0000 8368     		ldr	r3, [r0, #8]
 188              		.loc 1 71 29 view .LVU42
 189 0002 4068     		ldr	r0, [r0, #4]
 190              	.LVL17:
 191              		.loc 1 71 5 view .LVU43
 192 0004 8342     		cmp	r3, r0
 193 0006 01D8     		bhi	.L18
  72:flight/uvos/common/uvos_heap.c **** 		return 0;
  73:flight/uvos/common/uvos_heap.c **** 
  74:flight/uvos/common/uvos_heap.c **** 	return heap->end_addr - heap->free_addr;
 194              		.loc 1 74 2 is_stmt 1 view .LVU44
 195              		.loc 1 74 24 is_stmt 0 view .LVU45
 196 0008 C01A     		subs	r0, r0, r3
 197 000a 7047     		bx	lr
 198              	.L18:
  72:flight/uvos/common/uvos_heap.c **** 		return 0;
 199              		.loc 1 72 10 view .LVU46
 200 000c 0020     		movs	r0, #0
  75:flight/uvos/common/uvos_heap.c **** }
 201              		.loc 1 75 1 view .LVU47
 202 000e 7047     		bx	lr
 203              		.cfi_endproc
 204              	.LFE1377:
 206              		.section	.text.simple_extend_heap,"ax",%progbits
 207              		.align	1
 208              		.syntax unified
 209              		.thumb
 210              		.thumb_func
 212              	simple_extend_heap:
 213              	.LVL18:
 214              	.LFB1378:
  76:flight/uvos/common/uvos_heap.c **** 
ARM GAS  C:\Users\geoma\AppData\Local\Temp\ccfGKx7X.s 			page 6


  77:flight/uvos/common/uvos_heap.c **** static void simple_extend_heap( struct uvos_heap * heap, size_t bytes )
  78:flight/uvos/common/uvos_heap.c **** {
 215              		.loc 1 78 1 is_stmt 1 view -0
 216              		.cfi_startproc
 217              		@ args = 0, pretend = 0, frame = 0
 218              		@ frame_needed = 0, uses_anonymous_args = 0
 219              		@ link register save eliminated.
  79:flight/uvos/common/uvos_heap.c **** 	heap->end_addr += bytes;
 220              		.loc 1 79 2 view .LVU49
 221              		.loc 1 79 17 is_stmt 0 view .LVU50
 222 0000 4368     		ldr	r3, [r0, #4]
 223 0002 0B44     		add	r3, r3, r1
 224 0004 4360     		str	r3, [r0, #4]
  80:flight/uvos/common/uvos_heap.c **** }
 225              		.loc 1 80 1 view .LVU51
 226 0006 7047     		bx	lr
 227              		.cfi_endproc
 228              	.LFE1378:
 230              		.section	.text.UVOS_heap_malloc_failed_p,"ax",%progbits
 231              		.align	1
 232              		.global	UVOS_heap_malloc_failed_p
 233              		.syntax unified
 234              		.thumb
 235              		.thumb_func
 237              	UVOS_heap_malloc_failed_p:
 238              	.LFB1373:
  23:flight/uvos/common/uvos_heap.c **** 	return malloc_failed_flag;
 239              		.loc 1 23 1 is_stmt 1 view -0
 240              		.cfi_startproc
 241              		@ args = 0, pretend = 0, frame = 0
 242              		@ frame_needed = 0, uses_anonymous_args = 0
 243              		@ link register save eliminated.
  24:flight/uvos/common/uvos_heap.c **** }
 244              		.loc 1 24 2 view .LVU53
  24:flight/uvos/common/uvos_heap.c **** }
 245              		.loc 1 24 9 is_stmt 0 view .LVU54
 246 0000 014B     		ldr	r3, .L21
 247 0002 1878     		ldrb	r0, [r3]	@ zero_extendqisi2
  25:flight/uvos/common/uvos_heap.c **** 
 248              		.loc 1 25 1 view .LVU55
 249 0004 7047     		bx	lr
 250              	.L22:
 251 0006 00BF     		.align	2
 252              	.L21:
 253 0008 00000000 		.word	.LANCHOR0
 254              		.cfi_endproc
 255              	.LFE1373:
 257              		.section	.text.UVOS_malloc,"ax",%progbits
 258              		.align	1
 259              		.global	UVOS_malloc
 260              		.syntax unified
 261              		.thumb
 262              		.thumb_func
 264              	UVOS_malloc:
 265              	.LVL19:
 266              	.LFB1379:
  81:flight/uvos/common/uvos_heap.c **** 
ARM GAS  C:\Users\geoma\AppData\Local\Temp\ccfGKx7X.s 			page 7


  82:flight/uvos/common/uvos_heap.c **** /*
  83:flight/uvos/common/uvos_heap.c ****  * Standard heap.  All memory in this heap is DMA-safe.
  84:flight/uvos/common/uvos_heap.c ****  * Note: Uses underlying FreeRTOS heap when available
  85:flight/uvos/common/uvos_heap.c ****  */
  86:flight/uvos/common/uvos_heap.c **** extern const void * _eheap;	/* defined in linker script */
  87:flight/uvos/common/uvos_heap.c **** extern const void * _sheap;	/* defined in linker script */
  88:flight/uvos/common/uvos_heap.c **** 
  89:flight/uvos/common/uvos_heap.c **** static struct uvos_heap uvos_standard_heap = {
  90:flight/uvos/common/uvos_heap.c **** 	.start_addr = ( const uintptr_t ) & _sheap,
  91:flight/uvos/common/uvos_heap.c **** 	.end_addr   = ( const uintptr_t ) & _eheap,
  92:flight/uvos/common/uvos_heap.c **** 	.free_addr  = ( uintptr_t ) & _sheap,
  93:flight/uvos/common/uvos_heap.c **** };
  94:flight/uvos/common/uvos_heap.c **** 
  95:flight/uvos/common/uvos_heap.c **** 
  96:flight/uvos/common/uvos_heap.c **** void * pvPortMalloc( size_t size ) __attribute__( ( alias ( "UVOS_malloc" ), weak ) );
  97:flight/uvos/common/uvos_heap.c **** void * UVOS_malloc( size_t size )
  98:flight/uvos/common/uvos_heap.c **** {
 267              		.loc 1 98 1 is_stmt 1 view -0
 268              		.cfi_startproc
 269              		@ args = 0, pretend = 0, frame = 0
 270              		@ frame_needed = 0, uses_anonymous_args = 0
 271              		.loc 1 98 1 is_stmt 0 view .LVU57
 272 0000 10B5     		push	{r4, lr}
 273              	.LCFI3:
 274              		.cfi_def_cfa_offset 8
 275              		.cfi_offset 4, -8
 276              		.cfi_offset 14, -4
 277 0002 0146     		mov	r1, r0
  99:flight/uvos/common/uvos_heap.c **** 	void * buf = simple_malloc( &uvos_standard_heap, size );
 278              		.loc 1 99 2 is_stmt 1 view .LVU58
 279              		.loc 1 99 15 is_stmt 0 view .LVU59
 280 0004 0448     		ldr	r0, .L27
 281              	.LVL20:
 282              		.loc 1 99 15 view .LVU60
 283 0006 FFF7FEFF 		bl	simple_malloc
 284              	.LVL21:
 100:flight/uvos/common/uvos_heap.c **** 
 101:flight/uvos/common/uvos_heap.c **** 	if ( buf == NULL )
 285              		.loc 1 101 2 is_stmt 1 view .LVU61
 286              		.loc 1 101 5 is_stmt 0 view .LVU62
 287 000a 0446     		mov	r4, r0
 288 000c 08B1     		cbz	r0, .L26
 289              	.LVL22:
 290              	.L23:
 102:flight/uvos/common/uvos_heap.c **** 		malloc_failed_hook();
 103:flight/uvos/common/uvos_heap.c **** 
 104:flight/uvos/common/uvos_heap.c **** 	return buf;
 105:flight/uvos/common/uvos_heap.c **** }
 291              		.loc 1 105 1 view .LVU63
 292 000e 2046     		mov	r0, r4
 293 0010 10BD     		pop	{r4, pc}
 294              	.LVL23:
 295              	.L26:
 102:flight/uvos/common/uvos_heap.c **** 		malloc_failed_hook();
 296              		.loc 1 102 3 is_stmt 1 view .LVU64
 297 0012 FFF7FEFF 		bl	malloc_failed_hook
 298              	.LVL24:
ARM GAS  C:\Users\geoma\AppData\Local\Temp\ccfGKx7X.s 			page 8


 104:flight/uvos/common/uvos_heap.c **** }
 299              		.loc 1 104 2 view .LVU65
 104:flight/uvos/common/uvos_heap.c **** }
 300              		.loc 1 104 9 is_stmt 0 view .LVU66
 301 0016 FAE7     		b	.L23
 302              	.L28:
 303              		.align	2
 304              	.L27:
 305 0018 00000000 		.word	.LANCHOR1
 306              		.cfi_endproc
 307              	.LFE1379:
 309              		.weak	pvPortMalloc
 310              		.thumb_set pvPortMalloc,UVOS_malloc
 311              		.section	.text.UVOS_malloc_no_dma,"ax",%progbits
 312              		.align	1
 313              		.global	UVOS_malloc_no_dma
 314              		.syntax unified
 315              		.thumb
 316              		.thumb_func
 318              	UVOS_malloc_no_dma:
 319              	.LVL25:
 320              	.LFB1380:
 106:flight/uvos/common/uvos_heap.c **** 
 107:flight/uvos/common/uvos_heap.c **** /*
 108:flight/uvos/common/uvos_heap.c ****  * Fast heap.  Memory in this heap is NOT DMA-safe.
 109:flight/uvos/common/uvos_heap.c ****  * Note: This should not be used to allocate RAM for task stacks since a task may pass
 110:flight/uvos/common/uvos_heap.c ****  *       automatic variables into underlying UVOS functions which *may* use DMA.
 111:flight/uvos/common/uvos_heap.c ****  * Note: Falls back to using the standard heap when allocations cannot be satisfied.
 112:flight/uvos/common/uvos_heap.c ****  */
 113:flight/uvos/common/uvos_heap.c **** #if defined(UVOS_INCLUDE_FASTHEAP)
 114:flight/uvos/common/uvos_heap.c **** 
 115:flight/uvos/common/uvos_heap.c **** extern const void * _efastheap;	/* defined in linker script */
 116:flight/uvos/common/uvos_heap.c **** extern const void * _sfastheap;	/* defined in linker script */
 117:flight/uvos/common/uvos_heap.c **** static struct uvos_heap uvos_nodma_heap = {
 118:flight/uvos/common/uvos_heap.c **** 	.start_addr = ( const uintptr_t ) & _sfastheap,
 119:flight/uvos/common/uvos_heap.c **** 	.end_addr   = ( const uintptr_t ) & _efastheap,
 120:flight/uvos/common/uvos_heap.c **** 	.free_addr  = ( uintptr_t ) & _sfastheap,
 121:flight/uvos/common/uvos_heap.c **** };
 122:flight/uvos/common/uvos_heap.c **** void * UVOS_malloc_no_dma( size_t size )
 123:flight/uvos/common/uvos_heap.c **** {
 124:flight/uvos/common/uvos_heap.c **** 	void * buf = simple_malloc( &uvos_nodma_heap, size );
 125:flight/uvos/common/uvos_heap.c **** 
 126:flight/uvos/common/uvos_heap.c **** 	if ( buf == NULL )
 127:flight/uvos/common/uvos_heap.c **** 		buf = UVOS_malloc( size );
 128:flight/uvos/common/uvos_heap.c **** 
 129:flight/uvos/common/uvos_heap.c **** 	if ( buf == NULL )
 130:flight/uvos/common/uvos_heap.c **** 		malloc_failed_hook();
 131:flight/uvos/common/uvos_heap.c **** 
 132:flight/uvos/common/uvos_heap.c **** 	return buf;
 133:flight/uvos/common/uvos_heap.c **** }
 134:flight/uvos/common/uvos_heap.c **** 
 135:flight/uvos/common/uvos_heap.c **** #else	/* UVOS_INCLUDE_FASTHEAP */
 136:flight/uvos/common/uvos_heap.c **** 
 137:flight/uvos/common/uvos_heap.c **** /* This platform only has a standard heap.  Fall back directly to that */
 138:flight/uvos/common/uvos_heap.c **** void * UVOS_malloc_no_dma( size_t size )
 139:flight/uvos/common/uvos_heap.c **** {
 321              		.loc 1 139 1 is_stmt 1 view -0
ARM GAS  C:\Users\geoma\AppData\Local\Temp\ccfGKx7X.s 			page 9


 322              		.cfi_startproc
 323              		@ args = 0, pretend = 0, frame = 0
 324              		@ frame_needed = 0, uses_anonymous_args = 0
 325              		.loc 1 139 1 is_stmt 0 view .LVU68
 326 0000 08B5     		push	{r3, lr}
 327              	.LCFI4:
 328              		.cfi_def_cfa_offset 8
 329              		.cfi_offset 3, -8
 330              		.cfi_offset 14, -4
 140:flight/uvos/common/uvos_heap.c **** 	return UVOS_malloc( size );
 331              		.loc 1 140 2 is_stmt 1 view .LVU69
 332              		.loc 1 140 9 is_stmt 0 view .LVU70
 333 0002 FFF7FEFF 		bl	UVOS_malloc
 334              	.LVL26:
 141:flight/uvos/common/uvos_heap.c **** }
 335              		.loc 1 141 1 view .LVU71
 336 0006 08BD     		pop	{r3, pc}
 337              		.cfi_endproc
 338              	.LFE1380:
 340              		.section	.text.UVOS_free,"ax",%progbits
 341              		.align	1
 342              		.global	UVOS_free
 343              		.syntax unified
 344              		.thumb
 345              		.thumb_func
 347              	UVOS_free:
 348              	.LVL27:
 349              	.LFB1381:
 142:flight/uvos/common/uvos_heap.c **** 
 143:flight/uvos/common/uvos_heap.c **** #endif	/* UVOS_INCLUDE_FASTHEAP */
 144:flight/uvos/common/uvos_heap.c **** 
 145:flight/uvos/common/uvos_heap.c **** void vPortFree( void * buf ) __attribute__( ( alias ( "UVOS_free" ) ) );
 146:flight/uvos/common/uvos_heap.c **** void UVOS_free( void * buf )
 147:flight/uvos/common/uvos_heap.c **** {
 350              		.loc 1 147 1 is_stmt 1 view -0
 351              		.cfi_startproc
 352              		@ args = 0, pretend = 0, frame = 0
 353              		@ frame_needed = 0, uses_anonymous_args = 0
 354              		@ link register save eliminated.
 148:flight/uvos/common/uvos_heap.c **** #if defined(UVOS_INCLUDE_FASTHEAP)
 149:flight/uvos/common/uvos_heap.c **** 	if ( is_ptr_in_heap_p( &uvos_nodma_heap, buf ) )
 150:flight/uvos/common/uvos_heap.c **** 		return simple_free( &uvos_nodma_heap, buf );
 151:flight/uvos/common/uvos_heap.c **** #endif	/* UVOS_INCLUDE_FASTHEAP */
 152:flight/uvos/common/uvos_heap.c **** 
 153:flight/uvos/common/uvos_heap.c **** 	if ( is_ptr_in_heap_p( &uvos_standard_heap, buf ) )
 355              		.loc 1 153 2 view .LVU73
 154:flight/uvos/common/uvos_heap.c **** 		return simple_free( &uvos_standard_heap, buf );
 155:flight/uvos/common/uvos_heap.c **** }
 356              		.loc 1 155 1 is_stmt 0 view .LVU74
 357 0000 7047     		bx	lr
 358              		.cfi_endproc
 359              	.LFE1381:
 361              		.global	vPortFree
 362              		.thumb_set vPortFree,UVOS_free
 363              		.section	.text.UVOS_heap_get_free_size,"ax",%progbits
 364              		.align	1
 365              		.global	UVOS_heap_get_free_size
ARM GAS  C:\Users\geoma\AppData\Local\Temp\ccfGKx7X.s 			page 10


 366              		.syntax unified
 367              		.thumb
 368              		.thumb_func
 370              	UVOS_heap_get_free_size:
 371              	.LFB1382:
 156:flight/uvos/common/uvos_heap.c **** 
 157:flight/uvos/common/uvos_heap.c **** size_t xPortGetFreeHeapSize( void ) __attribute__( ( alias ( "UVOS_heap_get_free_size" ) ) );
 158:flight/uvos/common/uvos_heap.c **** size_t UVOS_heap_get_free_size( void )
 159:flight/uvos/common/uvos_heap.c **** {
 372              		.loc 1 159 1 is_stmt 1 view -0
 373              		.cfi_startproc
 374              		@ args = 0, pretend = 0, frame = 0
 375              		@ frame_needed = 0, uses_anonymous_args = 0
 376 0000 08B5     		push	{r3, lr}
 377              	.LCFI5:
 378              		.cfi_def_cfa_offset 8
 379              		.cfi_offset 3, -8
 380              		.cfi_offset 14, -4
 160:flight/uvos/common/uvos_heap.c **** #if defined(UVOS_INCLUDE_FREERTOS)
 161:flight/uvos/common/uvos_heap.c **** 	UVOS_Thread_Scheduler_Suspend();
 162:flight/uvos/common/uvos_heap.c **** #endif	/* UVOS_INCLUDE_FREERTOS */
 163:flight/uvos/common/uvos_heap.c **** 
 164:flight/uvos/common/uvos_heap.c **** 	size_t free_bytes = simple_get_free_bytes( &uvos_standard_heap );
 381              		.loc 1 164 2 view .LVU76
 382              		.loc 1 164 22 is_stmt 0 view .LVU77
 383 0002 0248     		ldr	r0, .L34
 384 0004 FFF7FEFF 		bl	simple_get_free_bytes
 385              	.LVL28:
 165:flight/uvos/common/uvos_heap.c **** 
 166:flight/uvos/common/uvos_heap.c **** #if defined(UVOS_INCLUDE_FREERTOS)
 167:flight/uvos/common/uvos_heap.c **** 	UVOS_Thread_Scheduler_Resume();
 168:flight/uvos/common/uvos_heap.c **** #endif	/* UVOS_INCLUDE_FREERTOS */
 169:flight/uvos/common/uvos_heap.c **** 
 170:flight/uvos/common/uvos_heap.c **** 	return free_bytes;
 386              		.loc 1 170 2 is_stmt 1 view .LVU78
 171:flight/uvos/common/uvos_heap.c **** }
 387              		.loc 1 171 1 is_stmt 0 view .LVU79
 388 0008 08BD     		pop	{r3, pc}
 389              	.L35:
 390 000a 00BF     		.align	2
 391              	.L34:
 392 000c 00000000 		.word	.LANCHOR1
 393              		.cfi_endproc
 394              	.LFE1382:
 396              		.global	xPortGetFreeHeapSize
 397              		.thumb_set xPortGetFreeHeapSize,UVOS_heap_get_free_size
 398              		.section	.text.UVOS_fastheap_get_free_size,"ax",%progbits
 399              		.align	1
 400              		.global	UVOS_fastheap_get_free_size
 401              		.syntax unified
 402              		.thumb
 403              		.thumb_func
 405              	UVOS_fastheap_get_free_size:
 406              	.LFB1383:
 172:flight/uvos/common/uvos_heap.c **** 
 173:flight/uvos/common/uvos_heap.c **** 
 174:flight/uvos/common/uvos_heap.c **** #if defined(UVOS_INCLUDE_FASTHEAP)
ARM GAS  C:\Users\geoma\AppData\Local\Temp\ccfGKx7X.s 			page 11


 175:flight/uvos/common/uvos_heap.c **** 
 176:flight/uvos/common/uvos_heap.c **** size_t UVOS_fastheap_get_free_size( void )
 177:flight/uvos/common/uvos_heap.c **** {
 178:flight/uvos/common/uvos_heap.c **** #if defined(UVOS_INCLUDE_FREERTOS)
 179:flight/uvos/common/uvos_heap.c **** 	UVOS_Thread_Scheduler_Suspend();
 180:flight/uvos/common/uvos_heap.c **** #endif	/* UVOS_INCLUDE_FREERTOS */
 181:flight/uvos/common/uvos_heap.c **** 
 182:flight/uvos/common/uvos_heap.c **** 	size_t free_bytes = simple_get_free_bytes( &uvos_nodma_heap );
 183:flight/uvos/common/uvos_heap.c **** 
 184:flight/uvos/common/uvos_heap.c **** #if defined(UVOS_INCLUDE_FREERTOS)
 185:flight/uvos/common/uvos_heap.c **** 	UVOS_Thread_Scheduler_Resume();
 186:flight/uvos/common/uvos_heap.c **** #endif	/* UVOS_INCLUDE_FREERTOS */
 187:flight/uvos/common/uvos_heap.c **** 
 188:flight/uvos/common/uvos_heap.c **** 	return free_bytes;
 189:flight/uvos/common/uvos_heap.c **** }
 190:flight/uvos/common/uvos_heap.c **** 
 191:flight/uvos/common/uvos_heap.c **** #else
 192:flight/uvos/common/uvos_heap.c **** 
 193:flight/uvos/common/uvos_heap.c **** size_t UVOS_fastheap_get_free_size( void )
 194:flight/uvos/common/uvos_heap.c **** {
 407              		.loc 1 194 1 is_stmt 1 view -0
 408              		.cfi_startproc
 409              		@ args = 0, pretend = 0, frame = 0
 410              		@ frame_needed = 0, uses_anonymous_args = 0
 411              		@ link register save eliminated.
 195:flight/uvos/common/uvos_heap.c **** 	return 0;
 412              		.loc 1 195 2 view .LVU81
 196:flight/uvos/common/uvos_heap.c **** }
 413              		.loc 1 196 1 is_stmt 0 view .LVU82
 414 0000 0020     		movs	r0, #0
 415 0002 7047     		bx	lr
 416              		.cfi_endproc
 417              	.LFE1383:
 419              		.section	.text.UVOS_heap_initialize_blocks,"ax",%progbits
 420              		.align	1
 421              		.global	UVOS_heap_initialize_blocks
 422              		.syntax unified
 423              		.thumb
 424              		.thumb_func
 426              	UVOS_heap_initialize_blocks:
 427              	.LFB1384:
 197:flight/uvos/common/uvos_heap.c **** 
 198:flight/uvos/common/uvos_heap.c **** #endif // UVOS_INCLUDE_FASTHEAP
 199:flight/uvos/common/uvos_heap.c **** 
 200:flight/uvos/common/uvos_heap.c **** void vPortInitialiseBlocks( void ) __attribute__( ( alias ( "UVOS_heap_initialize_blocks" ) ) );
 201:flight/uvos/common/uvos_heap.c **** void UVOS_heap_initialize_blocks( void )
 202:flight/uvos/common/uvos_heap.c **** {
 428              		.loc 1 202 1 is_stmt 1 view -0
 429              		.cfi_startproc
 430              		@ args = 0, pretend = 0, frame = 0
 431              		@ frame_needed = 0, uses_anonymous_args = 0
 432              		@ link register save eliminated.
 203:flight/uvos/common/uvos_heap.c **** 	/* NOP for the simple allocator */
 204:flight/uvos/common/uvos_heap.c **** }
 433              		.loc 1 204 1 view .LVU84
 434 0000 7047     		bx	lr
 435              		.cfi_endproc
ARM GAS  C:\Users\geoma\AppData\Local\Temp\ccfGKx7X.s 			page 12


 436              	.LFE1384:
 438              		.global	vPortInitialiseBlocks
 439              		.thumb_set vPortInitialiseBlocks,UVOS_heap_initialize_blocks
 440              		.section	.text.UVOS_heap_increase_size,"ax",%progbits
 441              		.align	1
 442              		.global	UVOS_heap_increase_size
 443              		.syntax unified
 444              		.thumb
 445              		.thumb_func
 447              	UVOS_heap_increase_size:
 448              	.LVL29:
 449              	.LFB1385:
 205:flight/uvos/common/uvos_heap.c **** 
 206:flight/uvos/common/uvos_heap.c **** void xPortIncreaseHeapSize( size_t bytes ) __attribute__( ( alias ( "UVOS_heap_increase_size" ) ) )
 207:flight/uvos/common/uvos_heap.c **** void UVOS_heap_increase_size( size_t bytes )
 208:flight/uvos/common/uvos_heap.c **** {
 450              		.loc 1 208 1 view -0
 451              		.cfi_startproc
 452              		@ args = 0, pretend = 0, frame = 0
 453              		@ frame_needed = 0, uses_anonymous_args = 0
 454              		.loc 1 208 1 is_stmt 0 view .LVU86
 455 0000 08B5     		push	{r3, lr}
 456              	.LCFI6:
 457              		.cfi_def_cfa_offset 8
 458              		.cfi_offset 3, -8
 459              		.cfi_offset 14, -4
 460 0002 0146     		mov	r1, r0
 209:flight/uvos/common/uvos_heap.c **** #if defined(UVOS_INCLUDE_FREERTOS)
 210:flight/uvos/common/uvos_heap.c **** 	UVOS_Thread_Scheduler_Suspend();
 211:flight/uvos/common/uvos_heap.c **** #endif	/* UVOS_INCLUDE_FREERTOS || defined(UVOS_INCLUDE_CHIBIOS) */
 212:flight/uvos/common/uvos_heap.c **** 
 213:flight/uvos/common/uvos_heap.c **** 	simple_extend_heap( &uvos_standard_heap, bytes );
 461              		.loc 1 213 2 is_stmt 1 view .LVU87
 462 0004 0148     		ldr	r0, .L40
 463              	.LVL30:
 464              		.loc 1 213 2 is_stmt 0 view .LVU88
 465 0006 FFF7FEFF 		bl	simple_extend_heap
 466              	.LVL31:
 214:flight/uvos/common/uvos_heap.c **** 
 215:flight/uvos/common/uvos_heap.c **** #if defined(UVOS_INCLUDE_FREERTOS)
 216:flight/uvos/common/uvos_heap.c **** 	UVOS_Thread_Scheduler_Resume();
 217:flight/uvos/common/uvos_heap.c **** #endif	/* UVOS_INCLUDE_FREERTOS || defined(UVOS_INCLUDE_CHIBIOS) */
 218:flight/uvos/common/uvos_heap.c **** }
 467              		.loc 1 218 1 view .LVU89
 468 000a 08BD     		pop	{r3, pc}
 469              	.L41:
 470              		.align	2
 471              	.L40:
 472 000c 00000000 		.word	.LANCHOR1
 473              		.cfi_endproc
 474              	.LFE1385:
 476              		.global	xPortIncreaseHeapSize
 477              		.thumb_set xPortIncreaseHeapSize,UVOS_heap_increase_size
 478              		.section	.text._sbrk,"ax",%progbits
 479              		.align	1
 480              		.global	_sbrk
 481              		.syntax unified
ARM GAS  C:\Users\geoma\AppData\Local\Temp\ccfGKx7X.s 			page 13


 482              		.thumb
 483              		.thumb_func
 485              	_sbrk:
 486              	.LFB1386:
 219:flight/uvos/common/uvos_heap.c **** 
 220:flight/uvos/common/uvos_heap.c **** /* Provide an implementation of _sbrk for library functions.
 221:flight/uvos/common/uvos_heap.c ****  * Right now it returns failure always.
 222:flight/uvos/common/uvos_heap.c ****  */
 223:flight/uvos/common/uvos_heap.c **** void * _sbrk( int incr )
 224:flight/uvos/common/uvos_heap.c **** {
 487              		.loc 1 224 1 is_stmt 1 view -0
 488              		.cfi_startproc
 489              		@ Volatile: function does not return.
 490              		@ args = 0, pretend = 0, frame = 0
 491              		@ frame_needed = 0, uses_anonymous_args = 0
 492              		@ link register save eliminated.
 493              	.LVL32:
 494              	.L43:
 225:flight/uvos/common/uvos_heap.c **** 	UVOS_Assert( 0 );
 495              		.loc 1 225 2 discriminator 1 view .LVU91
 496              		.loc 1 225 2 discriminator 1 view .LVU92
 497              		.loc 1 225 2 discriminator 1 view .LVU93
 498 0000 FEE7     		b	.L43
 499              		.cfi_endproc
 500              	.LFE1386:
 502              		.section	.bss.malloc_failed_flag,"aw",%nobits
 503              		.set	.LANCHOR0,. + 0
 506              	malloc_failed_flag:
 507 0000 00       		.space	1
 508              		.section	.data.uvos_standard_heap,"aw"
 509              		.align	2
 510              		.set	.LANCHOR1,. + 0
 513              	uvos_standard_heap:
 514 0000 00000000 		.word	_sheap
 515 0004 00000000 		.word	_eheap
 516 0008 00000000 		.word	_sheap
 517              		.text
 518              	.Letext0:
 519              		.file 2 "c:\\program files (x86)\\gnu arm embedded toolchain\\10.3-2021.10\\arm-none-eabi\\include
 520              		.file 3 "c:\\program files (x86)\\gnu arm embedded toolchain\\10.3-2021.10\\lib\\gcc\\arm-none-eab
 521              		.file 4 "c:\\program files (x86)\\gnu arm embedded toolchain\\10.3-2021.10\\arm-none-eabi\\include
 522              		.file 5 "./flight/uvos/stm32f4xx/libraries/STM32F4xx_HAL_Driver/Inc/stm32f4xx_ll_dma.h"
 523              		.file 6 "./flight/uvos/stm32f4xx/libraries/STM32F4xx_HAL_Driver/Inc/stm32f4xx_ll_tim.h"
ARM GAS  C:\Users\geoma\AppData\Local\Temp\ccfGKx7X.s 			page 14


DEFINED SYMBOLS
                            *ABS*:00000000 uvos_heap.c
C:\Users\geoma\AppData\Local\Temp\ccfGKx7X.s:20     .text.malloc_failed_hook:00000000 $t
C:\Users\geoma\AppData\Local\Temp\ccfGKx7X.s:25     .text.malloc_failed_hook:00000000 malloc_failed_hook
C:\Users\geoma\AppData\Local\Temp\ccfGKx7X.s:43     .text.malloc_failed_hook:00000008 $d
C:\Users\geoma\AppData\Local\Temp\ccfGKx7X.s:48     .text.is_ptr_in_heap_p:00000000 $t
C:\Users\geoma\AppData\Local\Temp\ccfGKx7X.s:53     .text.is_ptr_in_heap_p:00000000 is_ptr_in_heap_p
C:\Users\geoma\AppData\Local\Temp\ccfGKx7X.s:96     .text.simple_malloc:00000000 $t
C:\Users\geoma\AppData\Local\Temp\ccfGKx7X.s:101    .text.simple_malloc:00000000 simple_malloc
C:\Users\geoma\AppData\Local\Temp\ccfGKx7X.s:172    .text.simple_get_free_bytes:00000000 $t
C:\Users\geoma\AppData\Local\Temp\ccfGKx7X.s:177    .text.simple_get_free_bytes:00000000 simple_get_free_bytes
C:\Users\geoma\AppData\Local\Temp\ccfGKx7X.s:207    .text.simple_extend_heap:00000000 $t
C:\Users\geoma\AppData\Local\Temp\ccfGKx7X.s:212    .text.simple_extend_heap:00000000 simple_extend_heap
C:\Users\geoma\AppData\Local\Temp\ccfGKx7X.s:231    .text.UVOS_heap_malloc_failed_p:00000000 $t
C:\Users\geoma\AppData\Local\Temp\ccfGKx7X.s:237    .text.UVOS_heap_malloc_failed_p:00000000 UVOS_heap_malloc_failed_p
C:\Users\geoma\AppData\Local\Temp\ccfGKx7X.s:253    .text.UVOS_heap_malloc_failed_p:00000008 $d
C:\Users\geoma\AppData\Local\Temp\ccfGKx7X.s:258    .text.UVOS_malloc:00000000 $t
C:\Users\geoma\AppData\Local\Temp\ccfGKx7X.s:264    .text.UVOS_malloc:00000000 UVOS_malloc
C:\Users\geoma\AppData\Local\Temp\ccfGKx7X.s:305    .text.UVOS_malloc:00000018 $d
C:\Users\geoma\AppData\Local\Temp\ccfGKx7X.s:264    .text.UVOS_malloc:00000000 pvPortMalloc
C:\Users\geoma\AppData\Local\Temp\ccfGKx7X.s:312    .text.UVOS_malloc_no_dma:00000000 $t
C:\Users\geoma\AppData\Local\Temp\ccfGKx7X.s:318    .text.UVOS_malloc_no_dma:00000000 UVOS_malloc_no_dma
C:\Users\geoma\AppData\Local\Temp\ccfGKx7X.s:341    .text.UVOS_free:00000000 $t
C:\Users\geoma\AppData\Local\Temp\ccfGKx7X.s:347    .text.UVOS_free:00000000 UVOS_free
C:\Users\geoma\AppData\Local\Temp\ccfGKx7X.s:347    .text.UVOS_free:00000000 vPortFree
C:\Users\geoma\AppData\Local\Temp\ccfGKx7X.s:364    .text.UVOS_heap_get_free_size:00000000 $t
C:\Users\geoma\AppData\Local\Temp\ccfGKx7X.s:370    .text.UVOS_heap_get_free_size:00000000 UVOS_heap_get_free_size
C:\Users\geoma\AppData\Local\Temp\ccfGKx7X.s:392    .text.UVOS_heap_get_free_size:0000000c $d
C:\Users\geoma\AppData\Local\Temp\ccfGKx7X.s:370    .text.UVOS_heap_get_free_size:00000000 xPortGetFreeHeapSize
C:\Users\geoma\AppData\Local\Temp\ccfGKx7X.s:399    .text.UVOS_fastheap_get_free_size:00000000 $t
C:\Users\geoma\AppData\Local\Temp\ccfGKx7X.s:405    .text.UVOS_fastheap_get_free_size:00000000 UVOS_fastheap_get_free_size
C:\Users\geoma\AppData\Local\Temp\ccfGKx7X.s:420    .text.UVOS_heap_initialize_blocks:00000000 $t
C:\Users\geoma\AppData\Local\Temp\ccfGKx7X.s:426    .text.UVOS_heap_initialize_blocks:00000000 UVOS_heap_initialize_blocks
C:\Users\geoma\AppData\Local\Temp\ccfGKx7X.s:426    .text.UVOS_heap_initialize_blocks:00000000 vPortInitialiseBlocks
C:\Users\geoma\AppData\Local\Temp\ccfGKx7X.s:441    .text.UVOS_heap_increase_size:00000000 $t
C:\Users\geoma\AppData\Local\Temp\ccfGKx7X.s:447    .text.UVOS_heap_increase_size:00000000 UVOS_heap_increase_size
C:\Users\geoma\AppData\Local\Temp\ccfGKx7X.s:472    .text.UVOS_heap_increase_size:0000000c $d
C:\Users\geoma\AppData\Local\Temp\ccfGKx7X.s:447    .text.UVOS_heap_increase_size:00000000 xPortIncreaseHeapSize
C:\Users\geoma\AppData\Local\Temp\ccfGKx7X.s:479    .text._sbrk:00000000 $t
C:\Users\geoma\AppData\Local\Temp\ccfGKx7X.s:485    .text._sbrk:00000000 _sbrk
C:\Users\geoma\AppData\Local\Temp\ccfGKx7X.s:506    .bss.malloc_failed_flag:00000000 malloc_failed_flag
C:\Users\geoma\AppData\Local\Temp\ccfGKx7X.s:507    .bss.malloc_failed_flag:00000000 $d
C:\Users\geoma\AppData\Local\Temp\ccfGKx7X.s:509    .data.uvos_standard_heap:00000000 $d
C:\Users\geoma\AppData\Local\Temp\ccfGKx7X.s:513    .data.uvos_standard_heap:00000000 uvos_standard_heap

UNDEFINED SYMBOLS
_sheap
_eheap
